[02:07:59.598][INFO][CraftTweaker-EarlyInit]: CraftTweaker is running on a Minecraft 1.20.1 production server modded with platform Forge
[02:07:59.620][INFO][CraftTweaker-EarlyInit]: Successfully injected RecipeFS file system
[02:07:59.647][INFO][CraftTweaker-Plugins]: Successfully identified and loaded plugin jeitweaker:common
[02:07:59.658][INFO][CraftTweaker-Plugins]: Successfully identified and loaded plugin crafttweaker:builtin
[02:07:59.659][INFO][CraftTweaker-Plugins]: Successfully identified and loaded plugin crafttweaker:builtin_forge
[02:07:59.665][INFO][CraftTweaker-Plugins]: Successfully identified and loaded plugin farmersdelight:crafttweaker_plugin
[02:07:59.700][INFO][JEITweaker]: Identified JeiTweaker plugin 'jeitweaker:forge': loading scheduled
[02:07:59.702][INFO][JEITweaker]: Identified JeiTweaker plugin 'jeitweaker:common': loading scheduled
[02:07:59.714][INFO][JEITweaker]: JEITweaker Environmental Check: the combination of mods [jei] is fully supported
[02:07:59.716][INFO][JEITweaker]: Running JeiTweaker plugin initialization
[02:07:59.745][INFO][JEITweaker]: JeiTweaker plugin initialization completed successfully
[02:08:01.328][INFO][CraftTweaker]: The following mods have explicit CraftTweaker support through the default plugin:
[02:08:01.328][INFO][CraftTweaker]: - 'crafttweaker' at version '14.0.57'
[02:08:01.329][INFO][CraftTweaker]: - 'farmersdelight' at version '1.20.1-1.2.7'
[02:08:01.329][INFO][CraftTweaker]: - 'jeitweaker' at version '8.0.6'
[02:08:11.995][INFO][CraftTweaker-ZenCode]: Started loading scripts for loader 'initialize'
[02:08:12.649][INFO][CraftTweaker-ZenCode]: Compiling and executing scripts
[02:08:12.750][INFO][CraftTweaker-ZenCode]: Successfully initialized modules [crafttweaker, expansions]
[02:08:13.111][INFO][CraftTweaker-ZenCode]: Execution for loader 'initialize' completed successfully
[02:08:48.644][INFO][CraftTweaker-ZenCode]: Started loading scripts for loader 'tags'
[02:08:48.688][INFO][CraftTweaker-ZenCode]: Compiling and executing scripts
[02:08:48.708][INFO][CraftTweaker-ZenCode]: Successfully initialized modules [crafttweaker, expansions]
[02:08:48.723][INFO][CraftTweaker-ZenCode]: Execution for loader 'tags' completed successfully
[02:08:53.175][INFO][CraftTweaker]: crafttweaker.reload.start
[02:08:53.180][INFO][CraftTweaker-ZenCode]: Started loading scripts for loader 'crafttweaker'
[02:08:53.210][INFO][CraftTweaker-ZenCode]: Compiling and executing scripts
[02:08:53.652][INFO][CraftTweaker-ZenCode]: Successfully initialized modules [mods, crafttweaker, expansions]
[02:08:53.659][INFO][CraftTweaker-ZenCode]: Loading file 'script.zs' with priority 0
[02:08:53.707][INFO][CraftTweaker-ZenCode]: Execution for loader 'crafttweaker' completed successfully
[02:08:53.708][INFO][CraftTweaker]: crafttweaker.reload.complete
